[00:46:30] [main/INFO]: Loading Minecraft 1.21.5 with Fabric Loader 0.16.14
[00:46:30] [main/INFO]: Loading 4 mods:
	- fabricloader 0.16.14
	   \-- mixinextras 0.4.1
	- java 21
	- minecraft 1.21.5
[00:46:30] [main/INFO]: SpongePowered MIXIN Subsystem Version=0.8.7 Source=file:/workspaces/sturdy-spoon/servidor_minecraft/libraries/net/fabricmc/sponge-mixin/0.15.5+mixin.0.8.7/sponge-mixin-0.15.5+mixin.0.8.7.jar Service=Knot/Fabric Env=SERVER
[00:46:39] [main/INFO]: Environment: Environment[sessionHost=https://sessionserver.mojang.com, servicesHost=https://api.minecraftservices.com, name=PROD]
[00:46:42] [main/INFO]: Loaded 1373 recipes
[00:46:42] [main/INFO]: Loaded 1484 advancements
[00:46:42] [Server thread/INFO]: Starting minecraft server version 1.21.5
[00:46:42] [Server thread/INFO]: Loading properties
[00:46:42] [Server thread/INFO]: Default game type: SURVIVAL
[00:46:42] [Server thread/INFO]: Generating keypair
[00:46:43] [Server thread/INFO]: Starting Minecraft server on *:25565
[00:46:43] [Server thread/INFO]: Using epoll channel type
[00:46:43] [Server thread/WARN]: **** SERVER IS RUNNING IN OFFLINE/INSECURE MODE!
[00:46:43] [Server thread/WARN]: The server will make no attempt to authenticate usernames. Beware.
[00:46:43] [Server thread/WARN]: While this makes the game possible to play without internet access, it also opens up the ability for hackers to connect with any username they choose.
[00:46:43] [Server thread/WARN]: To change this, set "online-mode" to "true" in the server.properties file.
[00:46:43] [Server thread/INFO]: Preparing level "world"
[00:46:43] [Server thread/INFO]: Preparing start region for dimension minecraft:overworld
[00:46:48] [Worker-Main-3/INFO]: Preparing spawn area: 0%
[00:46:48] [Worker-Main-3/INFO]: Preparing spawn area: 0%
[00:46:48] [Worker-Main-3/INFO]: Preparing spawn area: 0%
[00:46:48] [Worker-Main-3/INFO]: Preparing spawn area: 0%
[00:46:48] [Worker-Main-3/INFO]: Preparing spawn area: 0%
[00:46:48] [Worker-Main-3/INFO]: Preparing spawn area: 0%
[00:46:48] [Worker-Main-3/INFO]: Preparing spawn area: 0%
[00:46:48] [Worker-Main-3/INFO]: Preparing spawn area: 0%
[00:46:48] [Worker-Main-3/INFO]: Preparing spawn area: 0%
[00:46:48] [Worker-Main-3/INFO]: Preparing spawn area: 0%
[00:46:48] [Worker-Main-1/INFO]: Preparing spawn area: 10%
[00:46:49] [Server thread/INFO]: Time elapsed: 5394 ms
[00:46:49] [Server thread/INFO]: Done (5.917s)! For help, type "help"
[00:47:12] [Server thread/INFO]: Yumalala[/100.101.92.41:56446] logged in with entity id 9 at (662.1188433729914, 140.0, 230.92933937609078)
[00:47:12] [Server thread/INFO]: Yumalala joined the game
